<?xml version="1.0" encoding="UTF-8"?>
<!-- Generated by org.testng.reporters.JUnitXMLReporter -->
<testsuite ignored="0" hostname="Riyaz" failures="0" tests="18" name="testautomationpractice.blogspot.com – Full GUI Suite" time="39.979" errors="0" timestamp="2026-06-11T15:03:48 IST">
  <testcase classname="com.automation.tests.GuiElementsTest" name="tc01_PageTitleValidation" time="0.617"/>
  <testcase classname="com.automation.tests.GuiElementsTest" name="tc02_NameField" time="1.42"/>
  <testcase classname="com.automation.tests.GuiElementsTest" name="tc03_EmailField" time="1.17"/>
  <testcase classname="com.automation.tests.GuiElementsTest" name="tc04_PhoneField" time="1.203"/>
  <testcase classname="com.automation.tests.GuiElementsTest" name="tc05_AddressField" time="1.235"/>
  <testcase classname="com.automation.tests.GuiElementsTest" name="tc06_RadioButton" time="1.118"/>
  <testcase classname="com.automation.tests.GuiElementsTest" name="tc07_Checkbox" time="1.053"/>
  <testcase classname="com.automation.tests.GuiElementsTest" name="tc08_Dropdowns" time="3.126"/>
  <testcase classname="com.automation.tests.GuiElementsTest" name="tc09_DatePickers" time="4.816"/>
  <testcase classname="com.automation.tests.GuiElementsTest" name="tc10_FileUpload" time="1.778"/>
  <testcase classname="com.automation.tests.GuiElementsTest" name="tc11_WikipediaSearch" time="1.305"/>
  <testcase classname="com.automation.tests.GuiElementsTest" name="tc12_DynamicButton" time="5.152"/>
  <testcase classname="com.automation.tests.GuiElementsTest" name="tc13_MouseHover" time="1.713"/>
  <testcase classname="com.automation.tests.GuiElementsTest" name="tc14_DoubleClick" time="2.18"/>
  <testcase classname="com.automation.tests.GuiElementsTest" name="tc15_DragAndDrop" time="1.822"/>
  <testcase classname="com.automation.tests.GuiElementsTest" name="tc16_Slider" time="1.814"/>
  <testcase classname="com.automation.tests.GuiElementsTest" name="tc17_Alerts" time="3.478"/>
  <testcase classname="com.automation.tests.GuiElementsTest" name="tc18_MiscFeatures" time="4.885"/>
</testsuite> <!-- testautomationpractice.blogspot.com – Full GUI Suite -->
