<?xml version="1.0" encoding="UTF-8"?>
<!-- Generated by org.testng.reporters.JUnitXMLReporter -->
<testsuite ignored="0" hostname="Riyaz" failures="0" tests="18" name="Default test" time="39.082" errors="0" timestamp="2026-06-11T18:53:45 IST">
  <testcase classname="com.automation.tests.GuiElementsTest" name="tc01_PageTitleValidation" time="0.768"/>
  <testcase classname="com.automation.tests.GuiElementsTest" name="tc02_NameField" time="1.318"/>
  <testcase classname="com.automation.tests.GuiElementsTest" name="tc03_EmailField" time="1.241"/>
  <testcase classname="com.automation.tests.GuiElementsTest" name="tc04_PhoneField" time="1.14"/>
  <testcase classname="com.automation.tests.GuiElementsTest" name="tc05_AddressField" time="1.153"/>
  <testcase classname="com.automation.tests.GuiElementsTest" name="tc06_RadioButton" time="1.154"/>
  <testcase classname="com.automation.tests.GuiElementsTest" name="tc07_Checkbox" time="1.049"/>
  <testcase classname="com.automation.tests.GuiElementsTest" name="tc08_Dropdowns" time="3.079"/>
  <testcase classname="com.automation.tests.GuiElementsTest" name="tc09_DatePickers" time="3.355"/>
  <testcase classname="com.automation.tests.GuiElementsTest" name="tc10_FileUpload" time="1.797"/>
  <testcase classname="com.automation.tests.GuiElementsTest" name="tc11_WikipediaSearch" time="1.297"/>
  <testcase classname="com.automation.tests.GuiElementsTest" name="tc12_DynamicButton" time="5.224"/>
  <testcase classname="com.automation.tests.GuiElementsTest" name="tc13_MouseHover" time="1.685"/>
  <testcase classname="com.automation.tests.GuiElementsTest" name="tc14_DoubleClick" time="2.272"/>
  <testcase classname="com.automation.tests.GuiElementsTest" name="tc15_DragAndDrop" time="1.872"/>
  <testcase classname="com.automation.tests.GuiElementsTest" name="tc16_Slider" time="1.887"/>
  <testcase classname="com.automation.tests.GuiElementsTest" name="tc17_Alerts" time="3.738"/>
  <testcase classname="com.automation.tests.GuiElementsTest" name="tc18_MiscFeatures" time="4.956"/>
</testsuite> <!-- Default test -->
