<?xml version="1.0" encoding="UTF-8"?>
<!-- Generated by org.testng.reporters.JUnitXMLReporter -->
<testsuite ignored="0" hostname="Riyaz" failures="0" tests="18" name="GUI Tests" time="38.646" errors="0" timestamp="2026-06-11T18:49:34 IST">
  <testcase classname="com.automation.tests.GuiElementsTest" name="tc01_PageTitleValidation" time="0.311"/>
  <testcase classname="com.automation.tests.GuiElementsTest" name="tc02_NameField" time="1.325"/>
  <testcase classname="com.automation.tests.GuiElementsTest" name="tc03_EmailField" time="1.247"/>
  <testcase classname="com.automation.tests.GuiElementsTest" name="tc04_PhoneField" time="1.133"/>
  <testcase classname="com.automation.tests.GuiElementsTest" name="tc05_AddressField" time="1.191"/>
  <testcase classname="com.automation.tests.GuiElementsTest" name="tc06_RadioButton" time="1.171"/>
  <testcase classname="com.automation.tests.GuiElementsTest" name="tc07_Checkbox" time="1.07"/>
  <testcase classname="com.automation.tests.GuiElementsTest" name="tc08_Dropdowns" time="3.195"/>
  <testcase classname="com.automation.tests.GuiElementsTest" name="tc09_DatePickers" time="3.42"/>
  <testcase classname="com.automation.tests.GuiElementsTest" name="tc10_FileUpload" time="1.895"/>
  <testcase classname="com.automation.tests.GuiElementsTest" name="tc11_WikipediaSearch" time="1.184"/>
  <testcase classname="com.automation.tests.GuiElementsTest" name="tc12_DynamicButton" time="5.191"/>
  <testcase classname="com.automation.tests.GuiElementsTest" name="tc13_MouseHover" time="1.719"/>
  <testcase classname="com.automation.tests.GuiElementsTest" name="tc14_DoubleClick" time="2.229"/>
  <testcase classname="com.automation.tests.GuiElementsTest" name="tc15_DragAndDrop" time="1.906"/>
  <testcase classname="com.automation.tests.GuiElementsTest" name="tc16_Slider" time="1.877"/>
  <testcase classname="com.automation.tests.GuiElementsTest" name="tc17_Alerts" time="3.48"/>
  <testcase classname="com.automation.tests.GuiElementsTest" name="tc18_MiscFeatures" time="4.994"/>
</testsuite> <!-- GUI Tests -->
