<?xml version="1.0" encoding="UTF-8"?>
<testsuite xmlns:xsi="http://www.w3.org/2001/XMLSchema-instance" xsi:noNamespaceSchemaLocation="https://maven.apache.org/surefire/maven-surefire-plugin/xsd/surefire-test-report-3.0.xsd" version="3.0" name="TestSuite" time="56.16" tests="18" errors="0" skipped="0" failures="1">
  <properties>
[...]
</properties>
  <testcase name="tc01_PageTitleValidation" classname="com.automation.tests.GuiElementsTest" time="0.628">
    <system-out><![CDATA[...
... TestNG 7.9.0 by Cédric Beust (cedric@beust.com)
...

[BaseTest] Extent Report initialised.
[BaseTest] Chrome browser launched.
[BaseTest] Navigated to → https://testautomationpractice.blogspot.com/
[Test] GuiElementsPage initialised.
Screenshot saved → D:\Wipro\Wipro\Java\selenium-gui-automation-main\screenshots\TC01_title_before_20260608_175539_468.png
Screenshot saved → D:\Wipro\Wipro\Java\selenium-gui-automation-main\screenshots\TC01_title_after_20260608_175539_807.png
]]></system-out>
    <system-err><![CDATA[SLF4J(W): No SLF4J providers were found.
SLF4J(W): Defaulting to no-operation (NOP) logger implementation
SLF4J(W): See https://www.slf4j.org/codes.html#noProviders for further details.
Jun 08, 2026 5:55:35 PM org.openqa.selenium.devtools.CdpVersionFinder findNearestMatch
WARNING: Unable to find CDP implementation matching 148
Jun 08, 2026 5:55:35 PM org.openqa.selenium.chromium.ChromiumDriver lambda$new$5
WARNING: Unable to find version of CDP to use for 148.0.7778.217. You may need to include a dependency on a specific version of the CDP using something similar to `org.seleniumhq.selenium:selenium-devtools-v86:4.18.1` where the version ("v86") matches the version of the chromium-based browser you're using and the version number of the artifact is the same as Selenium's.
]]></system-err>
  </testcase>
  <testcase name="tc02_NameField" classname="com.automation.tests.GuiElementsTest" time="1.367">
    <system-out><![CDATA[Screenshot saved → D:\Wipro\Wipro\Java\selenium-gui-automation-main\screenshots\TC02_name_before_20260608_175540_414.png
Screenshot saved → D:\Wipro\Wipro\Java\selenium-gui-automation-main\screenshots\TC02_name_after_20260608_175541_137.png
]]></system-out>
  </testcase>
  <testcase name="tc03_EmailField" classname="com.automation.tests.GuiElementsTest" time="1.165">
    <system-out><![CDATA[Screenshot saved → D:\Wipro\Wipro\Java\selenium-gui-automation-main\screenshots\TC03_email_before_20260608_175541_783.png
Screenshot saved → D:\Wipro\Wipro\Java\selenium-gui-automation-main\screenshots\TC03_email_after_20260608_175542_386.png
]]></system-out>
  </testcase>
  <testcase name="tc04_PhoneField" classname="com.automation.tests.GuiElementsTest" time="1.047">
    <system-out><![CDATA[Screenshot saved → D:\Wipro\Wipro\Java\selenium-gui-automation-main\screenshots\TC04_phone_before_20260608_175542_940.png
Screenshot saved → D:\Wipro\Wipro\Java\selenium-gui-automation-main\screenshots\TC04_phone_after_20260608_175543_498.png
]]></system-out>
  </testcase>
  <testcase name="tc05_AddressField" classname="com.automation.tests.GuiElementsTest" time="1.151">
    <system-out><![CDATA[Screenshot saved → D:\Wipro\Wipro\Java\selenium-gui-automation-main\screenshots\TC05_address_before_20260608_175543_991.png
Screenshot saved → D:\Wipro\Wipro\Java\selenium-gui-automation-main\screenshots\TC05_address_after_20260608_175544_628.png
]]></system-out>
  </testcase>
  <testcase name="tc06_RadioButton" classname="com.automation.tests.GuiElementsTest" time="1.05">
    <system-out><![CDATA[Screenshot saved → D:\Wipro\Wipro\Java\selenium-gui-automation-main\screenshots\TC06_radio_before_20260608_175545_139.png
Screenshot saved → D:\Wipro\Wipro\Java\selenium-gui-automation-main\screenshots\TC06_radio_after_20260608_175545_689.png
]]></system-out>
  </testcase>
  <testcase name="tc07_Checkbox" classname="com.automation.tests.GuiElementsTest" time="10.66">
    <failure message="no such element: Unable to locate element: {&quot;method&quot;:&quot;css selector&quot;,&quot;selector&quot;:&quot;#Saturday&quot;}&#10;  (Session info: chrome=148.0.7778.217)&#10;For documentation on this error, please visit: https://www.selenium.dev/documentation/webdriver/troubleshooting/errors#no-such-element-exception&#10;Build info: version: &apos;4.18.1&apos;, revision: &apos;b1d3319b48&apos;&#10;System info: os.name: &apos;Windows 11&apos;, os.arch: &apos;amd64&apos;, os.version: &apos;10.0&apos;, java.version: &apos;21.0.10&apos;&#10;Driver info: org.openqa.selenium.chrome.ChromeDriver&#10;Command: [eec6c949ecadbc54529e22c3bbbbc7e9, findElement {value=Saturday, using=id}]&#10;Capabilities {acceptInsecureCerts: false, browserName: chrome, browserVersion: 148.0.7778.217, chrome: {chromedriverVersion: 148.0.7778.178 (d096af1c9e9..., userDataDir: C:\Users\riyaz\AppData\Loca...}, fedcm:accounts: true, goog:chromeOptions: {debuggerAddress: localhost:59755}, goog:processID: 16056, networkConnectionEnabled: false, pageLoadStrategy: normal, platformName: windows, proxy: Proxy(), se:cdp: ws://localhost:59755/devtoo..., se:cdpVersion: 148.0.7778.217, setWindowRect: true, strictFileInteractability: false, timeouts: {implicit: 0, pageLoad: 300000, script: 30000}, unhandledPromptBehavior: dismiss and notify, webauthn:extension:credBlob: true, webauthn:extension:largeBlob: true, webauthn:extension:minPinLength: true, webauthn:extension:prf: true, webauthn:virtualAuthenticators: true}&#10;Session ID: eec6c949ecadbc54529e22c3bbbbc7e9" type="org.openqa.selenium.NoSuchElementException"><![CDATA[org.openqa.selenium.NoSuchElementException: 
no such element: Unable to locate element: {"method":"css selector","selector":"#Saturday"}
  (Session info: chrome=148.0.7778.217)
For documentation on this error, please visit: https://www.selenium.dev/documentation/webdriver/troubleshooting/errors#no-such-element-exception
Build info: version: '4.18.1', revision: 'b1d3319b48'
System info: os.name: 'Windows 11', os.arch: 'amd64', os.version: '10.0', java.version: '21.0.10'
Driver info: org.openqa.selenium.chrome.ChromeDriver
Command: [eec6c949ecadbc54529e22c3bbbbc7e9, findElement {value=Saturday, using=id}]
Capabilities {acceptInsecureCerts: false, browserName: chrome, browserVersion: 148.0.7778.217, chrome: {chromedriverVersion: 148.0.7778.178 (d096af1c9e9..., userDataDir: C:\Users\riyaz\AppData\Loca...}, fedcm:accounts: true, goog:chromeOptions: {debuggerAddress: localhost:59755}, goog:processID: 16056, networkConnectionEnabled: false, pageLoadStrategy: normal, platformName: windows, proxy: Proxy(), se:cdp: ws://localhost:59755/devtoo..., se:cdpVersion: 148.0.7778.217, setWindowRect: true, strictFileInteractability: false, timeouts: {implicit: 0, pageLoad: 300000, script: 30000}, unhandledPromptBehavior: dismiss and notify, webauthn:extension:credBlob: true, webauthn:extension:largeBlob: true, webauthn:extension:minPinLength: true, webauthn:extension:prf: true, webauthn:virtualAuthenticators: true}
Session ID: eec6c949ecadbc54529e22c3bbbbc7e9
	at java.base/jdk.internal.reflect.DirectConstructorHandleAccessor.newInstance(DirectConstructorHandleAccessor.java:62)
	at java.base/java.lang.reflect.Constructor.newInstanceWithCaller(Constructor.java:502)
	at java.base/java.lang.reflect.Constructor.newInstance(Constructor.java:486)
	at org.openqa.selenium.remote.ErrorCodec.decode(ErrorCodec.java:167)
	at org.openqa.selenium.remote.codec.w3c.W3CHttpResponseCodec.decode(W3CHttpResponseCodec.java:138)
	at org.openqa.selenium.remote.codec.w3c.W3CHttpResponseCodec.decode(W3CHttpResponseCodec.java:50)
	at org.openqa.selenium.remote.HttpCommandExecutor.execute(HttpCommandExecutor.java:190)
	at org.openqa.selenium.remote.service.DriverCommandExecutor.invokeExecute(DriverCommandExecutor.java:216)
	at org.openqa.selenium.remote.service.DriverCommandExecutor.execute(DriverCommandExecutor.java:174)
	at org.openqa.selenium.remote.RemoteWebDriver.execute(RemoteWebDriver.java:519)
	at org.openqa.selenium.remote.ElementLocation$ElementFinder$2.findElement(ElementLocation.java:165)
	at org.openqa.selenium.remote.ElementLocation.findElement(ElementLocation.java:59)
	at org.openqa.selenium.remote.RemoteWebDriver.findElement(RemoteWebDriver.java:356)
	at org.openqa.selenium.remote.RemoteWebDriver.findElement(RemoteWebDriver.java:350)
	at com.automation.pages.GuiElementsPage.checkDay(GuiElementsPage.java:124)
	at com.automation.tests.GuiElementsTest.tc07_Checkbox(GuiElementsTest.java:254)
	at java.base/jdk.internal.reflect.DirectMethodHandleAccessor.invoke(DirectMethodHandleAccessor.java:103)
	at java.base/java.lang.reflect.Method.invoke(Method.java:580)
	at org.testng.internal.invokers.MethodInvocationHelper.invokeMethod(MethodInvocationHelper.java:139)
	at org.testng.internal.invokers.TestInvoker.invokeMethod(TestInvoker.java:664)
	at org.testng.internal.invokers.TestInvoker.invokeTestMethod(TestInvoker.java:228)
	at org.testng.internal.invokers.MethodRunner.runInSequence(MethodRunner.java:63)
	at org.testng.internal.invokers.TestInvoker$MethodInvocationAgent.invoke(TestInvoker.java:961)
	at org.testng.internal.invokers.TestInvoker.invokeTestMethods(TestInvoker.java:201)
	at org.testng.internal.invokers.TestMethodWorker.invokeTestMethods(TestMethodWorker.java:148)
	at org.testng.internal.invokers.TestMethodWorker.run(TestMethodWorker.java:128)
	at java.base/java.util.ArrayList.forEach(ArrayList.java:1596)
	at org.testng.TestRunner.privateRun(TestRunner.java:819)
	at org.testng.TestRunner.run(TestRunner.java:619)
	at org.testng.SuiteRunner.runTest(SuiteRunner.java:443)
	at org.testng.SuiteRunner.runSequentially(SuiteRunner.java:437)
	at org.testng.SuiteRunner.privateRun(SuiteRunner.java:397)
	at org.testng.SuiteRunner.run(SuiteRunner.java:336)
	at org.testng.SuiteRunnerWorker.runSuite(SuiteRunnerWorker.java:52)
	at org.testng.SuiteRunnerWorker.run(SuiteRunnerWorker.java:95)
	at org.testng.TestNG.runSuitesSequentially(TestNG.java:1301)
	at org.testng.TestNG.runSuitesLocally(TestNG.java:1228)
	at org.testng.TestNG.runSuites(TestNG.java:1134)
	at org.testng.TestNG.run(TestNG.java:1101)
	at org.apache.maven.surefire.testng.TestNGExecutor.run(TestNGExecutor.java:308)
	at org.apache.maven.surefire.testng.TestNGXmlTestSuite.execute(TestNGXmlTestSuite.java:71)
	at org.apache.maven.surefire.testng.TestNGProvider.invoke(TestNGProvider.java:113)
	at org.apache.maven.surefire.booter.ForkedBooter.runSuitesInProcess(ForkedBooter.java:385)
	at org.apache.maven.surefire.booter.ForkedBooter.execute(ForkedBooter.java:162)
	at org.apache.maven.surefire.booter.ForkedBooter.run(ForkedBooter.java:507)
	at org.apache.maven.surefire.booter.ForkedBooter.main(ForkedBooter.java:495)
]]></failure>
    <system-out><![CDATA[Screenshot saved → D:\Wipro\Wipro\Java\selenium-gui-automation-main\screenshots\TC07_checkbox_before_20260608_175546_191.png
Screenshot saved → D:\Wipro\Wipro\Java\selenium-gui-automation-main\screenshots\TC07_FAIL_20260608_175556_383.png
]]></system-out>
  </testcase>
  <testcase name="tc08_Dropdowns" classname="com.automation.tests.GuiElementsTest" time="3.092">
    <system-out><![CDATA[Screenshot saved → D:\Wipro\Wipro\Java\selenium-gui-automation-main\screenshots\TC08_country_before_20260608_175556_851.png
Screenshot saved → D:\Wipro\Wipro\Java\selenium-gui-automation-main\screenshots\TC08_country_after_20260608_175557_421.png
Screenshot saved → D:\Wipro\Wipro\Java\selenium-gui-automation-main\screenshots\TC08_color_before_20260608_175557_892.png
Screenshot saved → D:\Wipro\Wipro\Java\selenium-gui-automation-main\screenshots\TC08_color_after_20260608_175558_431.png
Screenshot saved → D:\Wipro\Wipro\Java\selenium-gui-automation-main\screenshots\TC08_animal_before_20260608_175558_938.png
Screenshot saved → D:\Wipro\Wipro\Java\selenium-gui-automation-main\screenshots\TC08_animal_after_20260608_175559_461.png
]]></system-out>
  </testcase>
  <testcase name="tc09_DatePickers" classname="com.automation.tests.GuiElementsTest" time="4.733">
    <system-out><![CDATA[Screenshot saved → D:\Wipro\Wipro\Java\selenium-gui-automation-main\screenshots\TC09_date1_before_20260608_175559_955.png
Screenshot saved → D:\Wipro\Wipro\Java\selenium-gui-automation-main\screenshots\TC09_date1_after_20260608_175600_696.png
Screenshot saved → D:\Wipro\Wipro\Java\selenium-gui-automation-main\screenshots\TC09_date2_before_20260608_175601_231.png
Screenshot saved → D:\Wipro\Wipro\Java\selenium-gui-automation-main\screenshots\TC09_date2_after_20260608_175601_699.png
Screenshot saved → D:\Wipro\Wipro\Java\selenium-gui-automation-main\screenshots\TC09_daterange_before_20260608_175602_194.png
[Page] Date range submitted.
Screenshot saved → D:\Wipro\Wipro\Java\selenium-gui-automation-main\screenshots\TC09_daterange_after_20260608_175604_191.png
]]></system-out>
  </testcase>
  <testcase name="tc10_FileUpload" classname="com.automation.tests.GuiElementsTest" time="1.794">
    <system-out><![CDATA[Screenshot saved → D:\Wipro\Wipro\Java\selenium-gui-automation-main\screenshots\TC10_singlefile_before_20260608_175604_681.png
[Page] Single file uploaded: D:\Wipro\Assignment - 25 - SDET.pdf
Screenshot saved → D:\Wipro\Wipro\Java\selenium-gui-automation-main\screenshots\TC10_singlefile_after_20260608_175605_256.png
Screenshot saved → D:\Wipro\Wipro\Java\selenium-gui-automation-main\screenshots\TC10_multifile_before_20260608_175605_439.png
[Page] Multiple files uploaded.
Screenshot saved → D:\Wipro\Wipro\Java\selenium-gui-automation-main\screenshots\TC10_multifile_after_20260608_175606_005.png
]]></system-out>
  </testcase>
  <testcase name="tc11_WikipediaSearch" classname="com.automation.tests.GuiElementsTest" time="1.314">
    <system-out><![CDATA[Screenshot saved → D:\Wipro\Wipro\Java\selenium-gui-automation-main\screenshots\TC11_wiki_before_20260608_175606_483.png
Screenshot saved → D:\Wipro\Wipro\Java\selenium-gui-automation-main\screenshots\TC11_wiki_after_20260608_175607_185.png
]]></system-out>
  </testcase>
  <testcase name="tc12_DynamicButton" classname="com.automation.tests.GuiElementsTest" time="5.107">
    <system-out><![CDATA[Screenshot saved → D:\Wipro\Wipro\Java\selenium-gui-automation-main\screenshots\TC12_dynbtn_before_20260608_175607_794.png
[Page] Dynamic Button current text: START
[Page] Dynamic Button after 1st click: STOP
[Page] Dynamic Button after 2nd click: START
Screenshot saved → D:\Wipro\Wipro\Java\selenium-gui-automation-main\screenshots\TC12_dynbtn_after_20260608_175612_454.png
]]></system-out>
  </testcase>
  <testcase name="tc13_MouseHover" classname="com.automation.tests.GuiElementsTest" time="1.668">
    <system-out><![CDATA[Screenshot saved → D:\Wipro\Wipro\Java\selenium-gui-automation-main\screenshots\TC13_hover_before_20260608_175612_895.png
Screenshot saved → D:\Wipro\Wipro\Java\selenium-gui-automation-main\screenshots\TC13_hover_after_20260608_175614_104.png
]]></system-out>
  </testcase>
  <testcase name="tc14_DoubleClick" classname="com.automation.tests.GuiElementsTest" time="2.157">
    <system-out><![CDATA[Screenshot saved → D:\Wipro\Wipro\Java\selenium-gui-automation-main\screenshots\TC14_dblclick_before_20260608_175614_567.png
Screenshot saved → D:\Wipro\Wipro\Java\selenium-gui-automation-main\screenshots\TC14_field1_filled_20260608_175615_111.png
Screenshot saved → D:\Wipro\Wipro\Java\selenium-gui-automation-main\screenshots\TC14_dblclick_after_20260608_175616_246.png
]]></system-out>
  </testcase>
  <testcase name="tc15_DragAndDrop" classname="com.automation.tests.GuiElementsTest" time="1.862">
    <system-out><![CDATA[Screenshot saved → D:\Wipro\Wipro\Java\selenium-gui-automation-main\screenshots\TC15_dragdrop_before_20260608_175616_729.png
Screenshot saved → D:\Wipro\Wipro\Java\selenium-gui-automation-main\screenshots\TC15_dragdrop_after_20260608_175618_096.png
]]></system-out>
  </testcase>
  <testcase name="tc16_Slider" classname="com.automation.tests.GuiElementsTest" time="1.864">
    <system-out><![CDATA[Screenshot saved → D:\Wipro\Wipro\Java\selenium-gui-automation-main\screenshots\TC16_slider_before_20260608_175618_584.png
Screenshot saved → D:\Wipro\Wipro\Java\selenium-gui-automation-main\screenshots\TC16_slider_after_20260608_175619_976.png
]]></system-out>
  </testcase>
  <testcase name="tc17_Alerts" classname="com.automation.tests.GuiElementsTest" time="3.443">
    <system-out><![CDATA[Screenshot saved → D:\Wipro\Wipro\Java\selenium-gui-automation-main\screenshots\TC17_alert_before_20260608_175620_451.png
Screenshot saved → D:\Wipro\Wipro\Java\selenium-gui-automation-main\screenshots\TC17_alert_after_20260608_175620_983.png
Screenshot saved → D:\Wipro\Wipro\Java\selenium-gui-automation-main\screenshots\TC17_confirm_dismissed_20260608_175621_918.png
Screenshot saved → D:\Wipro\Wipro\Java\selenium-gui-automation-main\screenshots\TC17_confirm_accepted_20260608_175622_499.png
Screenshot saved → D:\Wipro\Wipro\Java\selenium-gui-automation-main\screenshots\TC17_prompt_after_20260608_175623_416.png
]]></system-out>
  </testcase>
  <testcase name="tc18_MiscFeatures" classname="com.automation.tests.GuiElementsTest" time="4.784">
    <system-out><![CDATA[Screenshot saved → D:\Wipro\Wipro\Java\selenium-gui-automation-main\screenshots\TC18_combo_before_20260608_175623_910.png
[Page] ComboBox item entered: Item 3
Screenshot saved → D:\Wipro\Wipro\Java\selenium-gui-automation-main\screenshots\TC18_combo_after_20260608_175624_504.png
Screenshot saved → D:\Wipro\Wipro\Java\selenium-gui-automation-main\screenshots\TC18_links_20260608_175624_664.png
Screenshot saved → D:\Wipro\Wipro\Java\selenium-gui-automation-main\screenshots\TC18_newtab_before_20260608_175625_128.png
Screenshot saved → D:\Wipro\Wipro\Java\selenium-gui-automation-main\screenshots\TC18_newtab_after_20260608_175625_757.png
Screenshot saved → D:\Wipro\Wipro\Java\selenium-gui-automation-main\screenshots\TC18_popup_before_20260608_175626_292.png
Screenshot saved → D:\Wipro\Wipro\Java\selenium-gui-automation-main\screenshots\TC18_popup_after_20260608_175627_010.png
Screenshot saved → D:\Wipro\Wipro\Java\selenium-gui-automation-main\screenshots\TC18_scroll_bottom_20260608_175627_557.png
Screenshot saved → D:\Wipro\Wipro\Java\selenium-gui-automation-main\screenshots\TC18_scroll_top_20260608_175628_058.png
]]></system-out>
  </testcase>
</testsuite>